<?xml version="1.0" encoding="UTF-8"?>
<!-- Generated by org.testng.reporters.JUnitReportReporter -->
<testsuite skipped="0" hostname="administrator-Latitude-3450" name="Faccebook.FacebookTestcase" tests="1" failures="0" timestamp="2021-10-31T13:44:26 IST" time="9.513" errors="0">
  <testcase name="login" time="9.513" classname="Faccebook.FacebookTestcase"/>
  <system-out/>
</testsuite> <!-- Faccebook.FacebookTestcase -->
